<?xml version="1.0" encoding="UTF-8"?>
<testsuite xmlns:xsi="http://www.w3.org/2001/XMLSchema-instance" xsi:noNamespaceSchemaLocation="https://maven.apache.org/surefire/maven-surefire-plugin/xsd/surefire-test-report.xsd" name="com.example.beetlsqldemo.BeetlsqlDemoApplicationTests" time="2.786" tests="1" errors="0" skipped="0" failures="0">
  <properties>
    <property name="sun.desktop" value="windows"/>
    <property name="awt.toolkit" value="sun.awt.windows.WToolkit"/>
    <property name="file.encoding.pkg" value="sun.io"/>
    <property name="java.specification.version" value="1.8"/>
    <property name="sun.cpu.isalist" value="amd64"/>
    <property name="sun.jnu.encoding" value="GBK"/>
    <property name="java.class.path" value="C:\muDocument\Workspaces\myIdeaProjects\beetlsql-demo\target\test-classes;C:\muDocument\Workspaces\myIdeaProjects\beetlsql-demo\target\classes;C:\muDocument\MavenFiles\org\springframework\boot\spring-boot-starter-web\2.6.7\spring-boot-starter-web-2.6.7.jar;C:\muDocument\MavenFiles\org\springframework\boot\spring-boot-starter\2.6.7\spring-boot-starter-2.6.7.jar;C:\muDocument\MavenFiles\org\springframework\boot\spring-boot\2.6.7\spring-boot-2.6.7.jar;C:\muDocument\MavenFiles\org\springframework\boot\spring-boot-autoconfigure\2.6.7\spring-boot-autoconfigure-2.6.7.jar;C:\muDocument\MavenFiles\org\springframework\boot\spring-boot-starter-logging\2.6.7\spring-boot-starter-logging-2.6.7.jar;C:\muDocument\MavenFiles\ch\qos\logback\logback-classic\1.2.11\logback-classic-1.2.11.jar;C:\muDocument\MavenFiles\ch\qos\logback\logback-core\1.2.11\logback-core-1.2.11.jar;C:\muDocument\MavenFiles\org\apache\logging\log4j\log4j-to-slf4j\2.17.2\log4j-to-slf4j-2.17.2.jar;C:\muDocument\MavenFiles\org\apache\logging\log4j\log4j-api\2.17.2\log4j-api-2.17.2.jar;C:\muDocument\MavenFiles\org\slf4j\jul-to-slf4j\1.7.36\jul-to-slf4j-1.7.36.jar;C:\muDocument\MavenFiles\jakarta\annotation\jakarta.annotation-api\1.3.5\jakarta.annotation-api-1.3.5.jar;C:\muDocument\MavenFiles\org\yaml\snakeyaml\1.29\snakeyaml-1.29.jar;C:\muDocument\MavenFiles\org\springframework\boot\spring-boot-starter-json\2.6.7\spring-boot-starter-json-2.6.7.jar;C:\muDocument\MavenFiles\com\fasterxml\jackson\core\jackson-databind\2.13.2.1\jackson-databind-2.13.2.1.jar;C:\muDocument\MavenFiles\com\fasterxml\jackson\core\jackson-annotations\2.13.2\jackson-annotations-2.13.2.jar;C:\muDocument\MavenFiles\com\fasterxml\jackson\core\jackson-core\2.13.2\jackson-core-2.13.2.jar;C:\muDocument\MavenFiles\com\fasterxml\jackson\datatype\jackson-datatype-jdk8\2.13.2\jackson-datatype-jdk8-2.13.2.jar;C:\muDocument\MavenFiles\com\fasterxml\jackson\datatype\jackson-datatype-jsr310\2.13.2\jackson-datatype-jsr310-2.13.2.jar;C:\muDocument\MavenFiles\com\fasterxml\jackson\module\jackson-module-parameter-names\2.13.2\jackson-module-parameter-names-2.13.2.jar;C:\muDocument\MavenFiles\org\springframework\boot\spring-boot-starter-tomcat\2.6.7\spring-boot-starter-tomcat-2.6.7.jar;C:\muDocument\MavenFiles\org\apache\tomcat\embed\tomcat-embed-core\9.0.62\tomcat-embed-core-9.0.62.jar;C:\muDocument\MavenFiles\org\apache\tomcat\embed\tomcat-embed-el\9.0.62\tomcat-embed-el-9.0.62.jar;C:\muDocument\MavenFiles\org\apache\tomcat\embed\tomcat-embed-websocket\9.0.62\tomcat-embed-websocket-9.0.62.jar;C:\muDocument\MavenFiles\org\springframework\spring-web\5.3.19\spring-web-5.3.19.jar;C:\muDocument\MavenFiles\org\springframework\spring-beans\5.3.19\spring-beans-5.3.19.jar;C:\muDocument\MavenFiles\org\springframework\spring-webmvc\5.3.19\spring-webmvc-5.3.19.jar;C:\muDocument\MavenFiles\org\springframework\spring-aop\5.3.19\spring-aop-5.3.19.jar;C:\muDocument\MavenFiles\org\springframework\spring-context\5.3.19\spring-context-5.3.19.jar;C:\muDocument\MavenFiles\org\springframework\spring-expression\5.3.19\spring-expression-5.3.19.jar;C:\muDocument\MavenFiles\org\springframework\boot\spring-boot-starter-test\2.6.7\spring-boot-starter-test-2.6.7.jar;C:\muDocument\MavenFiles\org\springframework\boot\spring-boot-test\2.6.7\spring-boot-test-2.6.7.jar;C:\muDocument\MavenFiles\org\springframework\boot\spring-boot-test-autoconfigure\2.6.7\spring-boot-test-autoconfigure-2.6.7.jar;C:\muDocument\MavenFiles\com\jayway\jsonpath\json-path\2.6.0\json-path-2.6.0.jar;C:\muDocument\MavenFiles\net\minidev\json-smart\2.4.8\json-smart-2.4.8.jar;C:\muDocument\MavenFiles\net\minidev\accessors-smart\2.4.8\accessors-smart-2.4.8.jar;C:\muDocument\MavenFiles\org\ow2\asm\asm\9.1\asm-9.1.jar;C:\muDocument\MavenFiles\jakarta\xml\bind\jakarta.xml.bind-api\2.3.3\jakarta.xml.bind-api-2.3.3.jar;C:\muDocument\MavenFiles\jakarta\activation\jakarta.activation-api\1.2.2\jakarta.activation-api-1.2.2.jar;C:\muDocument\MavenFiles\org\assertj\assertj-core\3.21.0\assertj-core-3.21.0.jar;C:\muDocument\MavenFiles\org\hamcrest\hamcrest\2.2\hamcrest-2.2.jar;C:\muDocument\MavenFiles\org\junit\jupiter\junit-jupiter\5.8.2\junit-jupiter-5.8.2.jar;C:\muDocument\MavenFiles\org\junit\jupiter\junit-jupiter-api\5.8.2\junit-jupiter-api-5.8.2.jar;C:\muDocument\MavenFiles\org\opentest4j\opentest4j\1.2.0\opentest4j-1.2.0.jar;C:\muDocument\MavenFiles\org\junit\platform\junit-platform-commons\1.8.2\junit-platform-commons-1.8.2.jar;C:\muDocument\MavenFiles\org\apiguardian\apiguardian-api\1.1.2\apiguardian-api-1.1.2.jar;C:\muDocument\MavenFiles\org\junit\jupiter\junit-jupiter-params\5.8.2\junit-jupiter-params-5.8.2.jar;C:\muDocument\MavenFiles\org\junit\jupiter\junit-jupiter-engine\5.8.2\junit-jupiter-engine-5.8.2.jar;C:\muDocument\MavenFiles\org\junit\platform\junit-platform-engine\1.8.2\junit-platform-engine-1.8.2.jar;C:\muDocument\MavenFiles\org\mockito\mockito-core\4.0.0\mockito-core-4.0.0.jar;C:\muDocument\MavenFiles\net\bytebuddy\byte-buddy\1.11.22\byte-buddy-1.11.22.jar;C:\muDocument\MavenFiles\net\bytebuddy\byte-buddy-agent\1.11.22\byte-buddy-agent-1.11.22.jar;C:\muDocument\MavenFiles\org\objenesis\objenesis\3.2\objenesis-3.2.jar;C:\muDocument\MavenFiles\org\mockito\mockito-junit-jupiter\4.0.0\mockito-junit-jupiter-4.0.0.jar;C:\muDocument\MavenFiles\org\skyscreamer\jsonassert\1.5.0\jsonassert-1.5.0.jar;C:\muDocument\MavenFiles\com\vaadin\external\google\android-json\0.0.20131108.vaadin1\android-json-0.0.20131108.vaadin1.jar;C:\muDocument\MavenFiles\org\springframework\spring-core\5.3.19\spring-core-5.3.19.jar;C:\muDocument\MavenFiles\org\springframework\spring-jcl\5.3.19\spring-jcl-5.3.19.jar;C:\muDocument\MavenFiles\org\springframework\spring-test\5.3.19\spring-test-5.3.19.jar;C:\muDocument\MavenFiles\org\xmlunit\xmlunit-core\2.8.4\xmlunit-core-2.8.4.jar;C:\muDocument\MavenFiles\com\ibeetl\beetlsql\3.14.2-RELEASE\beetlsql-3.14.2-RELEASE.jar;C:\muDocument\MavenFiles\com\ibeetl\sql-core\3.14.2-RELEASE\sql-core-3.14.2-RELEASE.jar;C:\muDocument\MavenFiles\com\ibeetl\sql-util\3.14.2-RELEASE\sql-util-3.14.2-RELEASE.jar;C:\muDocument\MavenFiles\com\github\jsqlparser\jsqlparser\4.1\jsqlparser-4.1.jar;C:\muDocument\MavenFiles\com\ibeetl\sql-gen\3.14.2-RELEASE\sql-gen-3.14.2-RELEASE.jar;C:\muDocument\MavenFiles\com\ibeetl\sql-fetch\3.14.2-RELEASE\sql-fetch-3.14.2-RELEASE.jar;C:\muDocument\MavenFiles\com\ibeetl\sql-mapper\3.14.2-RELEASE\sql-mapper-3.14.2-RELEASE.jar;C:\muDocument\MavenFiles\com\ibeetl\beetl\3.10.0.RELEASE\beetl-3.10.0.RELEASE.jar;C:\muDocument\MavenFiles\org\antlr\antlr4-runtime\4.9.2\antlr4-runtime-4.9.2.jar;C:\muDocument\MavenFiles\com\ibeetl\sql-springboot-starter\3.14.2-RELEASE\sql-springboot-starter-3.14.2-RELEASE.jar;C:\muDocument\MavenFiles\com\ibeetl\sql-spring\3.14.2-RELEASE\sql-spring-3.14.2-RELEASE.jar;C:\muDocument\MavenFiles\com\zaxxer\HikariCP\3.3.1\HikariCP-3.3.1.jar;C:\muDocument\MavenFiles\org\slf4j\slf4j-api\1.7.36\slf4j-api-1.7.36.jar;C:\muDocument\MavenFiles\com\oracle\ojdbc\ojdbc8\19.3.0.0\ojdbc8-19.3.0.0.jar;C:\muDocument\MavenFiles\com\oracle\ojdbc\ucp\19.3.0.0\ucp-19.3.0.0.jar;C:\muDocument\MavenFiles\com\oracle\ojdbc\oraclepki\19.3.0.0\oraclepki-19.3.0.0.jar;C:\muDocument\MavenFiles\com\oracle\ojdbc\osdt_cert\19.3.0.0\osdt_cert-19.3.0.0.jar;C:\muDocument\MavenFiles\com\oracle\ojdbc\osdt_core\19.3.0.0\osdt_core-19.3.0.0.jar;C:\muDocument\MavenFiles\com\oracle\ojdbc\simplefan\19.3.0.0\simplefan-19.3.0.0.jar;C:\muDocument\MavenFiles\com\oracle\ojdbc\ons\19.3.0.0\ons-19.3.0.0.jar;C:\muDocument\MavenFiles\org\projectlombok\lombok\1.18.20\lombok-1.18.20.jar;C:\muDocument\MavenFiles\com\oracle\ojdbc\orai18n\19.3.0.0\orai18n-19.3.0.0.jar;"/>
    <property name="java.vm.vendor" value="Oracle Corporation"/>
    <property name="sun.arch.data.model" value="64"/>
    <property name="user.variant" value=""/>
    <property name="java.vendor.url" value="http://java.oracle.com/"/>
    <property name="user.timezone" value="Asia/Shanghai"/>
    <property name="java.vm.specification.version" value="1.8"/>
    <property name="os.name" value="Windows 10"/>
    <property name="user.country" value="CN"/>
    <property name="sun.java.launcher" value="SUN_STANDARD"/>
    <property name="sun.boot.library.path" value="C:\muSoftWare\data\Java\jdk1.8.0_111\jre\bin"/>
    <property name="sun.java.command" value="C:\Users\mjn\AppData\Local\Temp\surefire75855518975131548\surefirebooter290526208325212049.jar C:\Users\mjn\AppData\Local\Temp\surefire75855518975131548 2022-04-23T18-45-41_428-jvmRun1 surefire4704431704105478030tmp surefire_08554308981672208951tmp"/>
    <property name="surefire.test.class.path" value="C:\muDocument\Workspaces\myIdeaProjects\beetlsql-demo\target\test-classes;C:\muDocument\Workspaces\myIdeaProjects\beetlsql-demo\target\classes;C:\muDocument\MavenFiles\org\springframework\boot\spring-boot-starter-web\2.6.7\spring-boot-starter-web-2.6.7.jar;C:\muDocument\MavenFiles\org\springframework\boot\spring-boot-starter\2.6.7\spring-boot-starter-2.6.7.jar;C:\muDocument\MavenFiles\org\springframework\boot\spring-boot\2.6.7\spring-boot-2.6.7.jar;C:\muDocument\MavenFiles\org\springframework\boot\spring-boot-autoconfigure\2.6.7\spring-boot-autoconfigure-2.6.7.jar;C:\muDocument\MavenFiles\org\springframework\boot\spring-boot-starter-logging\2.6.7\spring-boot-starter-logging-2.6.7.jar;C:\muDocument\MavenFiles\ch\qos\logback\logback-classic\1.2.11\logback-classic-1.2.11.jar;C:\muDocument\MavenFiles\ch\qos\logback\logback-core\1.2.11\logback-core-1.2.11.jar;C:\muDocument\MavenFiles\org\apache\logging\log4j\log4j-to-slf4j\2.17.2\log4j-to-slf4j-2.17.2.jar;C:\muDocument\MavenFiles\org\apache\logging\log4j\log4j-api\2.17.2\log4j-api-2.17.2.jar;C:\muDocument\MavenFiles\org\slf4j\jul-to-slf4j\1.7.36\jul-to-slf4j-1.7.36.jar;C:\muDocument\MavenFiles\jakarta\annotation\jakarta.annotation-api\1.3.5\jakarta.annotation-api-1.3.5.jar;C:\muDocument\MavenFiles\org\yaml\snakeyaml\1.29\snakeyaml-1.29.jar;C:\muDocument\MavenFiles\org\springframework\boot\spring-boot-starter-json\2.6.7\spring-boot-starter-json-2.6.7.jar;C:\muDocument\MavenFiles\com\fasterxml\jackson\core\jackson-databind\2.13.2.1\jackson-databind-2.13.2.1.jar;C:\muDocument\MavenFiles\com\fasterxml\jackson\core\jackson-annotations\2.13.2\jackson-annotations-2.13.2.jar;C:\muDocument\MavenFiles\com\fasterxml\jackson\core\jackson-core\2.13.2\jackson-core-2.13.2.jar;C:\muDocument\MavenFiles\com\fasterxml\jackson\datatype\jackson-datatype-jdk8\2.13.2\jackson-datatype-jdk8-2.13.2.jar;C:\muDocument\MavenFiles\com\fasterxml\jackson\datatype\jackson-datatype-jsr310\2.13.2\jackson-datatype-jsr310-2.13.2.jar;C:\muDocument\MavenFiles\com\fasterxml\jackson\module\jackson-module-parameter-names\2.13.2\jackson-module-parameter-names-2.13.2.jar;C:\muDocument\MavenFiles\org\springframework\boot\spring-boot-starter-tomcat\2.6.7\spring-boot-starter-tomcat-2.6.7.jar;C:\muDocument\MavenFiles\org\apache\tomcat\embed\tomcat-embed-core\9.0.62\tomcat-embed-core-9.0.62.jar;C:\muDocument\MavenFiles\org\apache\tomcat\embed\tomcat-embed-el\9.0.62\tomcat-embed-el-9.0.62.jar;C:\muDocument\MavenFiles\org\apache\tomcat\embed\tomcat-embed-websocket\9.0.62\tomcat-embed-websocket-9.0.62.jar;C:\muDocument\MavenFiles\org\springframework\spring-web\5.3.19\spring-web-5.3.19.jar;C:\muDocument\MavenFiles\org\springframework\spring-beans\5.3.19\spring-beans-5.3.19.jar;C:\muDocument\MavenFiles\org\springframework\spring-webmvc\5.3.19\spring-webmvc-5.3.19.jar;C:\muDocument\MavenFiles\org\springframework\spring-aop\5.3.19\spring-aop-5.3.19.jar;C:\muDocument\MavenFiles\org\springframework\spring-context\5.3.19\spring-context-5.3.19.jar;C:\muDocument\MavenFiles\org\springframework\spring-expression\5.3.19\spring-expression-5.3.19.jar;C:\muDocument\MavenFiles\org\springframework\boot\spring-boot-starter-test\2.6.7\spring-boot-starter-test-2.6.7.jar;C:\muDocument\MavenFiles\org\springframework\boot\spring-boot-test\2.6.7\spring-boot-test-2.6.7.jar;C:\muDocument\MavenFiles\org\springframework\boot\spring-boot-test-autoconfigure\2.6.7\spring-boot-test-autoconfigure-2.6.7.jar;C:\muDocument\MavenFiles\com\jayway\jsonpath\json-path\2.6.0\json-path-2.6.0.jar;C:\muDocument\MavenFiles\net\minidev\json-smart\2.4.8\json-smart-2.4.8.jar;C:\muDocument\MavenFiles\net\minidev\accessors-smart\2.4.8\accessors-smart-2.4.8.jar;C:\muDocument\MavenFiles\org\ow2\asm\asm\9.1\asm-9.1.jar;C:\muDocument\MavenFiles\jakarta\xml\bind\jakarta.xml.bind-api\2.3.3\jakarta.xml.bind-api-2.3.3.jar;C:\muDocument\MavenFiles\jakarta\activation\jakarta.activation-api\1.2.2\jakarta.activation-api-1.2.2.jar;C:\muDocument\MavenFiles\org\assertj\assertj-core\3.21.0\assertj-core-3.21.0.jar;C:\muDocument\MavenFiles\org\hamcrest\hamcrest\2.2\hamcrest-2.2.jar;C:\muDocument\MavenFiles\org\junit\jupiter\junit-jupiter\5.8.2\junit-jupiter-5.8.2.jar;C:\muDocument\MavenFiles\org\junit\jupiter\junit-jupiter-api\5.8.2\junit-jupiter-api-5.8.2.jar;C:\muDocument\MavenFiles\org\opentest4j\opentest4j\1.2.0\opentest4j-1.2.0.jar;C:\muDocument\MavenFiles\org\junit\platform\junit-platform-commons\1.8.2\junit-platform-commons-1.8.2.jar;C:\muDocument\MavenFiles\org\apiguardian\apiguardian-api\1.1.2\apiguardian-api-1.1.2.jar;C:\muDocument\MavenFiles\org\junit\jupiter\junit-jupiter-params\5.8.2\junit-jupiter-params-5.8.2.jar;C:\muDocument\MavenFiles\org\junit\jupiter\junit-jupiter-engine\5.8.2\junit-jupiter-engine-5.8.2.jar;C:\muDocument\MavenFiles\org\junit\platform\junit-platform-engine\1.8.2\junit-platform-engine-1.8.2.jar;C:\muDocument\MavenFiles\org\mockito\mockito-core\4.0.0\mockito-core-4.0.0.jar;C:\muDocument\MavenFiles\net\bytebuddy\byte-buddy\1.11.22\byte-buddy-1.11.22.jar;C:\muDocument\MavenFiles\net\bytebuddy\byte-buddy-agent\1.11.22\byte-buddy-agent-1.11.22.jar;C:\muDocument\MavenFiles\org\objenesis\objenesis\3.2\objenesis-3.2.jar;C:\muDocument\MavenFiles\org\mockito\mockito-junit-jupiter\4.0.0\mockito-junit-jupiter-4.0.0.jar;C:\muDocument\MavenFiles\org\skyscreamer\jsonassert\1.5.0\jsonassert-1.5.0.jar;C:\muDocument\MavenFiles\com\vaadin\external\google\android-json\0.0.20131108.vaadin1\android-json-0.0.20131108.vaadin1.jar;C:\muDocument\MavenFiles\org\springframework\spring-core\5.3.19\spring-core-5.3.19.jar;C:\muDocument\MavenFiles\org\springframework\spring-jcl\5.3.19\spring-jcl-5.3.19.jar;C:\muDocument\MavenFiles\org\springframework\spring-test\5.3.19\spring-test-5.3.19.jar;C:\muDocument\MavenFiles\org\xmlunit\xmlunit-core\2.8.4\xmlunit-core-2.8.4.jar;C:\muDocument\MavenFiles\com\ibeetl\beetlsql\3.14.2-RELEASE\beetlsql-3.14.2-RELEASE.jar;C:\muDocument\MavenFiles\com\ibeetl\sql-core\3.14.2-RELEASE\sql-core-3.14.2-RELEASE.jar;C:\muDocument\MavenFiles\com\ibeetl\sql-util\3.14.2-RELEASE\sql-util-3.14.2-RELEASE.jar;C:\muDocument\MavenFiles\com\github\jsqlparser\jsqlparser\4.1\jsqlparser-4.1.jar;C:\muDocument\MavenFiles\com\ibeetl\sql-gen\3.14.2-RELEASE\sql-gen-3.14.2-RELEASE.jar;C:\muDocument\MavenFiles\com\ibeetl\sql-fetch\3.14.2-RELEASE\sql-fetch-3.14.2-RELEASE.jar;C:\muDocument\MavenFiles\com\ibeetl\sql-mapper\3.14.2-RELEASE\sql-mapper-3.14.2-RELEASE.jar;C:\muDocument\MavenFiles\com\ibeetl\beetl\3.10.0.RELEASE\beetl-3.10.0.RELEASE.jar;C:\muDocument\MavenFiles\org\antlr\antlr4-runtime\4.9.2\antlr4-runtime-4.9.2.jar;C:\muDocument\MavenFiles\com\ibeetl\sql-springboot-starter\3.14.2-RELEASE\sql-springboot-starter-3.14.2-RELEASE.jar;C:\muDocument\MavenFiles\com\ibeetl\sql-spring\3.14.2-RELEASE\sql-spring-3.14.2-RELEASE.jar;C:\muDocument\MavenFiles\com\zaxxer\HikariCP\3.3.1\HikariCP-3.3.1.jar;C:\muDocument\MavenFiles\org\slf4j\slf4j-api\1.7.36\slf4j-api-1.7.36.jar;C:\muDocument\MavenFiles\com\oracle\ojdbc\ojdbc8\19.3.0.0\ojdbc8-19.3.0.0.jar;C:\muDocument\MavenFiles\com\oracle\ojdbc\ucp\19.3.0.0\ucp-19.3.0.0.jar;C:\muDocument\MavenFiles\com\oracle\ojdbc\oraclepki\19.3.0.0\oraclepki-19.3.0.0.jar;C:\muDocument\MavenFiles\com\oracle\ojdbc\osdt_cert\19.3.0.0\osdt_cert-19.3.0.0.jar;C:\muDocument\MavenFiles\com\oracle\ojdbc\osdt_core\19.3.0.0\osdt_core-19.3.0.0.jar;C:\muDocument\MavenFiles\com\oracle\ojdbc\simplefan\19.3.0.0\simplefan-19.3.0.0.jar;C:\muDocument\MavenFiles\com\oracle\ojdbc\ons\19.3.0.0\ons-19.3.0.0.jar;C:\muDocument\MavenFiles\org\projectlombok\lombok\1.18.20\lombok-1.18.20.jar;C:\muDocument\MavenFiles\com\oracle\ojdbc\orai18n\19.3.0.0\orai18n-19.3.0.0.jar;"/>
    <property name="sun.cpu.endian" value="little"/>
    <property name="user.home" value="C:\Users\mjn"/>
    <property name="user.language" value="zh"/>
    <property name="java.specification.vendor" value="Oracle Corporation"/>
    <property name="java.home" value="C:\muSoftWare\data\Java\jdk1.8.0_111\jre"/>
    <property name="basedir" value="C:\muDocument\Workspaces\myIdeaProjects\beetlsql-demo"/>
    <property name="file.separator" value="\"/>
    <property name="line.separator" value="&#10;"/>
    <property name="java.vm.specification.vendor" value="Oracle Corporation"/>
    <property name="java.specification.name" value="Java Platform API Specification"/>
    <property name="java.awt.graphicsenv" value="sun.awt.Win32GraphicsEnvironment"/>
    <property name="surefire.real.class.path" value="C:\Users\mjn\AppData\Local\Temp\surefire75855518975131548\surefirebooter290526208325212049.jar"/>
    <property name="sun.boot.class.path" value="C:\muSoftWare\data\Java\jdk1.8.0_111\jre\lib\resources.jar;C:\muSoftWare\data\Java\jdk1.8.0_111\jre\lib\rt.jar;C:\muSoftWare\data\Java\jdk1.8.0_111\jre\lib\sunrsasign.jar;C:\muSoftWare\data\Java\jdk1.8.0_111\jre\lib\jsse.jar;C:\muSoftWare\data\Java\jdk1.8.0_111\jre\lib\jce.jar;C:\muSoftWare\data\Java\jdk1.8.0_111\jre\lib\charsets.jar;C:\muSoftWare\data\Java\jdk1.8.0_111\jre\lib\jfr.jar;C:\muSoftWare\data\Java\jdk1.8.0_111\jre\classes"/>
    <property name="user.script" value=""/>
    <property name="sun.management.compiler" value="HotSpot 64-Bit Tiered Compilers"/>
    <property name="java.runtime.version" value="1.8.0_111-b14"/>
    <property name="user.name" value="mjn"/>
    <property name="path.separator" value=";"/>
    <property name="os.version" value="10.0"/>
    <property name="java.endorsed.dirs" value="C:\muSoftWare\data\Java\jdk1.8.0_111\jre\lib\endorsed"/>
    <property name="java.runtime.name" value="Java(TM) SE Runtime Environment"/>
    <property name="file.encoding" value="GBK"/>
    <property name="java.vm.name" value="Java HotSpot(TM) 64-Bit Server VM"/>
    <property name="localRepository" value="C:\muDocument\MavenFiles"/>
    <property name="java.vendor.url.bug" value="http://bugreport.sun.com/bugreport/"/>
    <property name="java.io.tmpdir" value="C:\Users\mjn\AppData\Local\Temp\"/>
    <property name="idea.version" value="2021.2.3"/>
    <property name="java.version" value="1.8.0_111"/>
    <property name="user.dir" value="C:\muDocument\Workspaces\myIdeaProjects\beetlsql-demo"/>
    <property name="os.arch" value="amd64"/>
    <property name="java.vm.specification.name" value="Java Virtual Machine Specification"/>
    <property name="java.awt.printerjob" value="sun.awt.windows.WPrinterJob"/>
    <property name="sun.os.patch.level" value=""/>
    <property name="java.library.path" value="C:\muSoftWare\data\Java\jdk1.8.0_111\jre\bin;C:\WINDOWS\Sun\Java\bin;C:\WINDOWS\system32;C:\WINDOWS;C:\ProgramData\Oracle\Java\javapath;C:\muSoftWare\data\oracle11g\product\11.1.0\db_1\bin;%JAVA_HOME%\bin;%M2_HOME%\bin;C:\WINDOWS\system32;C:\WINDOWS;C:\WINDOWS\System32\Wbem;C:\WINDOWS\System32\WindowsPowerShell\v1.0\;C:\WINDOWS\System32\OpenSSH\;C:\muSoftWare\data\TortoiseSVN\bin;C:\muSoftWare\data\nodejs\;C:\Users\mjn\AppData\Local\Microsoft\WindowsApps;C:\Users\mjn\AppData\Roaming\npm;C:\muSoftWare\data\Bandizip\;."/>
    <property name="java.vm.info" value="mixed mode"/>
    <property name="java.vendor" value="Oracle Corporation"/>
    <property name="java.vm.version" value="25.111-b14"/>
    <property name="java.ext.dirs" value="C:\muSoftWare\data\Java\jdk1.8.0_111\jre\lib\ext;C:\WINDOWS\Sun\Java\lib\ext"/>
    <property name="sun.io.unicode.encoding" value="UnicodeLittle"/>
    <property name="java.class.version" value="52.0"/>
  </properties>
  <testcase name="contextLoads" classname="com.example.beetlsqldemo.BeetlsqlDemoApplicationTests" time="0.295"/>
</testsuite>